<t:test-suite xmlns:t='http://xproc.org/ns/testsuite'>
<t:title>Extension tests</t:title>
<t:test href="collection-manager-001.xml"/>
<t:test href="css-formatter-001.xml"/>
<t:test href="delta-xml-001.xml"/>
<t:test href="eval-001.xml"/>
<t:test href="get-cookies-001.xml"/>
<t:test href="java-properties-001.xml"/>
<!-- cx:message -->
<t:test href="metadata-extractor-001.xml"/>
<t:test href="namespace-delete-001.xml"/>
<t:test href="pretty-print-001.xml"/>
<!-- cx:report-errors -->
<!-- cx:send-mail -->
<t:test href="set-cookies-001.xml"/>
<t:test href="uri-info-001.xml"/>
<t:test href="compare-001.xml"/>
</t:test-suite>
